2015-05-20 at 16:34:41 CST TRACE com.alex.javastudy.log4j.Log4jApp 10 launch - This is a trace message.
2015-05-20 at 16:34:41 CST DEBUG com.alex.javastudy.log4j.Log4jApp 11 launch - This is a debug message.
2015-05-20 at 16:34:41 CST WARN  com.alex.javastudy.log4j.Log4jApp 12 launch - This is a warn message.
2015-05-20 at 16:34:41 CST ERROR com.alex.javastudy.log4j.Log4jApp 13 launch - This is a error message.
2015-05-20 at 16:34:41 CST FATAL com.alex.javastudy.log4j.Log4jApp 14 launch - This is a fatal message.
2015-05-20 at 16:35:21 CST TRACE com.alex.javastudy.log4j.Log4jApp 10 launch - This is a trace message.
2015-05-20 at 16:35:21 CST DEBUG com.alex.javastudy.log4j.Log4jApp 11 launch - This is a debug message.
2015-05-20 at 16:35:21 CST WARN  com.alex.javastudy.log4j.Log4jApp 12 launch - This is a warn message.
2015-05-20 at 16:35:21 CST ERROR com.alex.javastudy.log4j.Log4jApp 13 launch - This is a error message.
2015-05-20 at 16:35:21 CST FATAL com.alex.javastudy.log4j.Log4jApp 14 launch - This is a fatal message.
2015-05-20 at 16:35:40 CST TRACE com.alex.javastudy.log4j.Log4jApp 10 launch - This is a trace message.
2015-05-20 at 16:35:40 CST DEBUG com.alex.javastudy.log4j.Log4jApp 11 launch - This is a debug message.
2015-05-20 at 16:35:40 CST WARN  com.alex.javastudy.log4j.Log4jApp 12 launch - This is a warn message.
2015-05-20 at 16:35:40 CST ERROR com.alex.javastudy.log4j.Log4jApp 13 launch - This is a error message.
2015-05-20 at 16:35:40 CST FATAL com.alex.javastudy.log4j.Log4jApp 14 launch - This is a fatal message.
2015-05-20 at 16:36:20 CST TRACE com.alex.javastudy.log4j.Log4jApp 10 launch - This is a trace message.
2015-05-20 at 16:36:20 CST DEBUG com.alex.javastudy.log4j.Log4jApp 11 launch - This is a debug message.
2015-05-20 at 16:36:20 CST WARN  com.alex.javastudy.log4j.Log4jApp 12 launch - This is a warn message.
2015-05-20 at 16:36:20 CST ERROR com.alex.javastudy.log4j.Log4jApp 13 launch - This is a error message.
2015-05-20 at 16:36:20 CST FATAL com.alex.javastudy.log4j.Log4jApp 14 launch - This is a fatal message.
2015-05-20 at 16:36:50 CST TRACE com.alex.javastudy.log4j.Log4jApp 10 launch - This is a trace message.
2015-05-20 at 16:36:50 CST DEBUG com.alex.javastudy.log4j.Log4jApp 11 launch - This is a debug message.
2015-05-20 at 16:36:50 CST WARN  com.alex.javastudy.log4j.Log4jApp 12 launch - This is a warn message.
2015-05-20 at 16:36:50 CST ERROR com.alex.javastudy.log4j.Log4jApp 13 launch - This is a error message.
2015-05-20 at 16:36:50 CST FATAL com.alex.javastudy.log4j.Log4jApp 14 launch - This is a fatal message.
2015-05-21 at 10:38:04 CST DEBUG com.alex.javastudy.spring.resttemplate.RestTemplateDemo 17 launch - IpInfo: IpInfo [country=null, province=null, city=null]
2015-05-21 at 10:40:33 CST DEBUG com.alex.javastudy.spring.resttemplate.RestTemplateDemo 17 launch - IpInfo: IpInfo [country=null, province=null, city=null]
2015-05-21 at 10:43:12 CST DEBUG com.alex.javastudy.spring.resttemplate.RestTemplateDemo 17 launch - IpInfo: IpInfo [country=null, province=null, city=null]
2015-05-21 at 14:20:02 CST DEBUG com.alex.javastudy.spring.resttemplate.RestTemplateDemo 17 launch - IpInfo: IpInfo [country=null, province=null, city=null]
2015-05-21 at 14:24:14 CST DEBUG com.alex.javastudy.spring.resttemplate.RestTemplateDemo 17 launch - IpInfo: IpInfo [country=null, province=null, city=null]
2015-05-21 at 17:07:27 CST DEBUG com.alex.javastudy.spring.resttemplate.RestTemplateDemo 17 launch - IpInfo: IpInfo [country=null, province=null, city=null]
2015-05-21 at 17:13:23 CST DEBUG com.alex.javastudy.spring.resttemplate.RestTemplateDemo 17 launch - IpInfo: IpInfo [country=null, province=null, city=null]
